2016-01-12 01:28:14 ERROR TaskManagerModel:42 - Stream is not ready to be read!
java.io.IOException: Stream is not ready to be read!
	at ua.edu.sumdu.j2se.ZavaliiVV.tasks.model.TaskIO.read(TaskIO.java:242)
	at ua.edu.sumdu.j2se.ZavaliiVV.tasks.model.TaskIO.readText(TaskIO.java:271)
	at ua.edu.sumdu.j2se.ZavaliiVV.tasks.model.TaskManagerModel.readAllTasksList(TaskManagerModel.java:40)
	at ua.edu.sumdu.j2se.ZavaliiVV.tasks.model.TaskManagerModel.initialize(TaskManagerModel.java:35)
	at ua.edu.sumdu.j2se.ZavaliiVV.tasks.program.Program.main(Program.java:35)
	at sun.reflect.NativeMethodAccessorImpl.invoke0(Native Method)
	at sun.reflect.NativeMethodAccessorImpl.invoke(NativeMethodAccessorImpl.java:62)
	at sun.reflect.DelegatingMethodAccessorImpl.invoke(DelegatingMethodAccessorImpl.java:43)
	at java.lang.reflect.Method.invoke(Method.java:497)
	at com.intellij.rt.execution.application.AppMain.main(AppMain.java:144)
01:33:07,436 ERROR main TaskManagerModel:readAllTasksList:42 - Stream is not ready to be read!
java.io.IOException: Stream is not ready to be read!
	at ua.edu.sumdu.j2se.ZavaliiVV.tasks.model.TaskIO.read(TaskIO.java:242)
	at ua.edu.sumdu.j2se.ZavaliiVV.tasks.model.TaskIO.readText(TaskIO.java:271)
	at ua.edu.sumdu.j2se.ZavaliiVV.tasks.model.TaskManagerModel.readAllTasksList(TaskManagerModel.java:40)
	at ua.edu.sumdu.j2se.ZavaliiVV.tasks.model.TaskManagerModel.initialize(TaskManagerModel.java:35)
	at ua.edu.sumdu.j2se.ZavaliiVV.tasks.program.Program.main(Program.java:35)
	at sun.reflect.NativeMethodAccessorImpl.invoke0(Native Method)
	at sun.reflect.NativeMethodAccessorImpl.invoke(NativeMethodAccessorImpl.java:62)
	at sun.reflect.DelegatingMethodAccessorImpl.invoke(DelegatingMethodAccessorImpl.java:43)
	at java.lang.reflect.Method.invoke(Method.java:497)
	at com.intellij.rt.execution.application.AppMain.main(AppMain.java:144)
01:35:01,001 ERROR main TaskManagerModel:readAllTasksList:42 - Stream is not ready to be read!
java.io.IOException: Stream is not ready to be read!
	at ua.edu.sumdu.j2se.ZavaliiVV.tasks.model.TaskIO.read(TaskIO.java:242)
	at ua.edu.sumdu.j2se.ZavaliiVV.tasks.model.TaskIO.readText(TaskIO.java:271)
	at ua.edu.sumdu.j2se.ZavaliiVV.tasks.model.TaskManagerModel.readAllTasksList(TaskManagerModel.java:40)
	at ua.edu.sumdu.j2se.ZavaliiVV.tasks.model.TaskManagerModel.initialize(TaskManagerModel.java:35)
	at ua.edu.sumdu.j2se.ZavaliiVV.tasks.program.Program.main(Program.java:35)
	at sun.reflect.NativeMethodAccessorImpl.invoke0(Native Method)
	at sun.reflect.NativeMethodAccessorImpl.invoke(NativeMethodAccessorImpl.java:62)
	at sun.reflect.DelegatingMethodAccessorImpl.invoke(DelegatingMethodAccessorImpl.java:43)
	at java.lang.reflect.Method.invoke(Method.java:497)
	at com.intellij.rt.execution.application.AppMain.main(AppMain.java:144)
2016-01-12 01:36:19 ERROR TaskManagerModel:42 - Stream is not ready to be read!
java.io.IOException: Stream is not ready to be read!
	at ua.edu.sumdu.j2se.ZavaliiVV.tasks.model.TaskIO.read(TaskIO.java:242)
	at ua.edu.sumdu.j2se.ZavaliiVV.tasks.model.TaskIO.readText(TaskIO.java:271)
	at ua.edu.sumdu.j2se.ZavaliiVV.tasks.model.TaskManagerModel.readAllTasksList(TaskManagerModel.java:40)
	at ua.edu.sumdu.j2se.ZavaliiVV.tasks.model.TaskManagerModel.initialize(TaskManagerModel.java:35)
	at ua.edu.sumdu.j2se.ZavaliiVV.tasks.program.Program.main(Program.java:35)
	at sun.reflect.NativeMethodAccessorImpl.invoke0(Native Method)
	at sun.reflect.NativeMethodAccessorImpl.invoke(NativeMethodAccessorImpl.java:62)
	at sun.reflect.DelegatingMethodAccessorImpl.invoke(DelegatingMethodAccessorImpl.java:43)
	at java.lang.reflect.Method.invoke(Method.java:497)
	at com.intellij.rt.execution.application.AppMain.main(AppMain.java:144)
2016-01-12 20:42:23 ERROR TaskManagerModel:42 - Stream is not ready to be read!
java.io.IOException: Stream is not ready to be read!
	at ua.edu.sumdu.j2se.ZavaliiVV.tasks.model.TaskIO.read(TaskIO.java:242)
	at ua.edu.sumdu.j2se.ZavaliiVV.tasks.model.TaskIO.readText(TaskIO.java:271)
	at ua.edu.sumdu.j2se.ZavaliiVV.tasks.model.TaskManagerModel.readAllTasksList(TaskManagerModel.java:40)
	at ua.edu.sumdu.j2se.ZavaliiVV.tasks.model.TaskManagerModel.initialize(TaskManagerModel.java:35)
	at ua.edu.sumdu.j2se.ZavaliiVV.tasks.program.Program.main(Program.java:35)
	at sun.reflect.NativeMethodAccessorImpl.invoke0(Native Method)
	at sun.reflect.NativeMethodAccessorImpl.invoke(NativeMethodAccessorImpl.java:62)
	at sun.reflect.DelegatingMethodAccessorImpl.invoke(DelegatingMethodAccessorImpl.java:43)
	at java.lang.reflect.Method.invoke(Method.java:497)
	at com.intellij.rt.execution.application.AppMain.main(AppMain.java:144)
2016-01-12 21:19:48 ERROR TaskManagerView:116 - Incorrect entry operation!
2016-01-13 21:03:08 ERROR TaskManagerController:192 - Incorrect entry task ID.
java.lang.NumberFormatException: For input string: "r"
	at java.lang.NumberFormatException.forInputString(NumberFormatException.java:65)
	at java.lang.Integer.parseInt(Integer.java:580)
	at java.lang.Integer.parseInt(Integer.java:615)
	at ua.edu.sumdu.j2se.ZavaliiVV.tasks.controller.TaskManagerController.choiceTaskID(TaskManagerController.java:181)
	at ua.edu.sumdu.j2se.ZavaliiVV.tasks.controller.TaskManagerController.startController(TaskManagerController.java:87)
	at ua.edu.sumdu.j2se.ZavaliiVV.tasks.program.Program.main(Program.java:40)
	at sun.reflect.NativeMethodAccessorImpl.invoke0(Native Method)
	at sun.reflect.NativeMethodAccessorImpl.invoke(NativeMethodAccessorImpl.java:62)
	at sun.reflect.DelegatingMethodAccessorImpl.invoke(DelegatingMethodAccessorImpl.java:43)
	at java.lang.reflect.Method.invoke(Method.java:497)
	at com.intellij.rt.execution.application.AppMain.main(AppMain.java:144)
2016-01-13 21:05:15 ERROR TaskManagerController:192 - Incorrect entry task ID.
java.lang.NumberFormatException: For input string: "t"
	at java.lang.NumberFormatException.forInputString(NumberFormatException.java:65)
	at java.lang.Integer.parseInt(Integer.java:580)
	at java.lang.Integer.parseInt(Integer.java:615)
	at ua.edu.sumdu.j2se.ZavaliiVV.tasks.controller.TaskManagerController.choiceTaskID(TaskManagerController.java:181)
	at ua.edu.sumdu.j2se.ZavaliiVV.tasks.controller.TaskManagerController.startController(TaskManagerController.java:87)
	at ua.edu.sumdu.j2se.ZavaliiVV.tasks.program.Program.main(Program.java:40)
	at sun.reflect.NativeMethodAccessorImpl.invoke0(Native Method)
	at sun.reflect.NativeMethodAccessorImpl.invoke(NativeMethodAccessorImpl.java:62)
	at sun.reflect.DelegatingMethodAccessorImpl.invoke(DelegatingMethodAccessorImpl.java:43)
	at java.lang.reflect.Method.invoke(Method.java:497)
	at com.intellij.rt.execution.application.AppMain.main(AppMain.java:144)
2016-01-13 21:05:40 ERROR TaskManagerController:192 - Incorrect entry task ID.
java.lang.NumberFormatException: For input string: "p"
	at java.lang.NumberFormatException.forInputString(NumberFormatException.java:65)
	at java.lang.Integer.parseInt(Integer.java:580)
	at java.lang.Integer.parseInt(Integer.java:615)
	at ua.edu.sumdu.j2se.ZavaliiVV.tasks.controller.TaskManagerController.choiceTaskID(TaskManagerController.java:181)
	at ua.edu.sumdu.j2se.ZavaliiVV.tasks.controller.TaskManagerController.startController(TaskManagerController.java:87)
	at ua.edu.sumdu.j2se.ZavaliiVV.tasks.program.Program.main(Program.java:40)
	at sun.reflect.NativeMethodAccessorImpl.invoke0(Native Method)
	at sun.reflect.NativeMethodAccessorImpl.invoke(NativeMethodAccessorImpl.java:62)
	at sun.reflect.DelegatingMethodAccessorImpl.invoke(DelegatingMethodAccessorImpl.java:43)
	at java.lang.reflect.Method.invoke(Method.java:497)
	at com.intellij.rt.execution.application.AppMain.main(AppMain.java:144)
2016-01-13 21:05:42 ERROR TaskManagerController:192 - Incorrect entry task ID.
java.lang.NumberFormatException: For input string: "o"
	at java.lang.NumberFormatException.forInputString(NumberFormatException.java:65)
	at java.lang.Integer.parseInt(Integer.java:580)
	at java.lang.Integer.parseInt(Integer.java:615)
	at ua.edu.sumdu.j2se.ZavaliiVV.tasks.controller.TaskManagerController.choiceTaskID(TaskManagerController.java:181)
	at ua.edu.sumdu.j2se.ZavaliiVV.tasks.controller.TaskManagerController.choiceTaskID(TaskManagerController.java:193)
	at ua.edu.sumdu.j2se.ZavaliiVV.tasks.controller.TaskManagerController.startController(TaskManagerController.java:87)
	at ua.edu.sumdu.j2se.ZavaliiVV.tasks.program.Program.main(Program.java:40)
	at sun.reflect.NativeMethodAccessorImpl.invoke0(Native Method)
	at sun.reflect.NativeMethodAccessorImpl.invoke(NativeMethodAccessorImpl.java:62)
	at sun.reflect.DelegatingMethodAccessorImpl.invoke(DelegatingMethodAccessorImpl.java:43)
	at java.lang.reflect.Method.invoke(Method.java:497)
	at com.intellij.rt.execution.application.AppMain.main(AppMain.java:144)
2016-01-13 21:07:09 ERROR TaskManagerController:192 - Incorrect entry task ID.
2016-01-13 21:07:17 ERROR TaskManagerController:192 - Incorrect entry task ID.
2016-01-17 16:39:16 ERROR TaskManagerView:101 - Incorrect entry task ID.
2016-01-17 21:37:20 ERROR TaskManagerView:93 - For input string: ""
java.lang.NumberFormatException: For input string: ""
	at java.lang.NumberFormatException.forInputString(NumberFormatException.java:65)
	at java.lang.Integer.parseInt(Integer.java:592)
	at java.lang.Integer.parseInt(Integer.java:615)
	at ua.edu.sumdu.j2se.ZavaliiVV.tasks.view.TaskManagerView.enterOperation(TaskManagerView.java:81)
	at ua.edu.sumdu.j2se.ZavaliiVV.tasks.controller.UseOperationAdd.performOperation(UseOperationAdd.java:48)
	at ua.edu.sumdu.j2se.ZavaliiVV.tasks.controller.TaskManagerController.startController(TaskManagerController.java:246)
	at ua.edu.sumdu.j2se.ZavaliiVV.tasks.program.Program.main(Program.java:40)
	at sun.reflect.NativeMethodAccessorImpl.invoke0(Native Method)
	at sun.reflect.NativeMethodAccessorImpl.invoke(NativeMethodAccessorImpl.java:62)
	at sun.reflect.DelegatingMethodAccessorImpl.invoke(DelegatingMethodAccessorImpl.java:43)
	at java.lang.reflect.Method.invoke(Method.java:497)
	at com.intellij.rt.execution.application.AppMain.main(AppMain.java:144)
2016-01-17 21:37:33 ERROR TaskManagerView:93 - For input string: "Y"
java.lang.NumberFormatException: For input string: "Y"
	at java.lang.NumberFormatException.forInputString(NumberFormatException.java:65)
	at java.lang.Integer.parseInt(Integer.java:580)
	at java.lang.Integer.parseInt(Integer.java:615)
	at ua.edu.sumdu.j2se.ZavaliiVV.tasks.view.TaskManagerView.enterOperation(TaskManagerView.java:81)
	at ua.edu.sumdu.j2se.ZavaliiVV.tasks.view.TaskManagerView.enterOperation(TaskManagerView.java:96)
	at ua.edu.sumdu.j2se.ZavaliiVV.tasks.controller.UseOperationAdd.performOperation(UseOperationAdd.java:48)
	at ua.edu.sumdu.j2se.ZavaliiVV.tasks.controller.TaskManagerController.startController(TaskManagerController.java:246)
	at ua.edu.sumdu.j2se.ZavaliiVV.tasks.program.Program.main(Program.java:40)
	at sun.reflect.NativeMethodAccessorImpl.invoke0(Native Method)
	at sun.reflect.NativeMethodAccessorImpl.invoke(NativeMethodAccessorImpl.java:62)
	at sun.reflect.DelegatingMethodAccessorImpl.invoke(DelegatingMethodAccessorImpl.java:43)
	at java.lang.reflect.Method.invoke(Method.java:497)
	at com.intellij.rt.execution.application.AppMain.main(AppMain.java:144)
2016-01-17 22:04:45 INFO  TaskManagerView:86 - Incorrect entry operation!
2016-01-17 22:05:06 ERROR TaskManagerView:94 - For input string: "e"
java.lang.NumberFormatException: For input string: "e"
	at java.lang.NumberFormatException.forInputString(NumberFormatException.java:65)
	at java.lang.Integer.parseInt(Integer.java:580)
	at java.lang.Integer.parseInt(Integer.java:615)
	at ua.edu.sumdu.j2se.ZavaliiVV.tasks.view.TaskManagerView.enterOperation(TaskManagerView.java:82)
	at ua.edu.sumdu.j2se.ZavaliiVV.tasks.view.TaskManagerView.enterOperation(TaskManagerView.java:87)
	at ua.edu.sumdu.j2se.ZavaliiVV.tasks.controller.UseOperationListTasks.performOperation(UseOperationListTasks.java:28)
	at ua.edu.sumdu.j2se.ZavaliiVV.tasks.controller.TaskManagerController.startController(TaskManagerController.java:56)
	at ua.edu.sumdu.j2se.ZavaliiVV.tasks.program.Program.main(Program.java:40)
	at sun.reflect.NativeMethodAccessorImpl.invoke0(Native Method)
	at sun.reflect.NativeMethodAccessorImpl.invoke(NativeMethodAccessorImpl.java:62)
	at sun.reflect.DelegatingMethodAccessorImpl.invoke(DelegatingMethodAccessorImpl.java:43)
	at java.lang.reflect.Method.invoke(Method.java:497)
	at com.intellij.rt.execution.application.AppMain.main(AppMain.java:144)
